<?xml version="1.0" encoding="UTF-8"?>
<!-- Generated by org.testng.reporters.JUnitReportReporter -->
<testsuite hostname="DESKTOP-RPD9OM4" failures="0" tests="9" name="testcases.substore_testcase" time="3.769" errors="0" timestamp="2025-09-04T11:45:59 IST" skipped="0">
  <testcase classname="testcases.substore_testcase" name="verifySubstoreCounterSubModule" time="2.368"/>
  <testcase classname="testcases.substore_testcase" name="verifySubstoreSubModules" time="0.134"/>
  <testcase classname="testcases.substore_testcase" name="verifySubstoreModule" time="0.301"/>
  <testcase classname="testcases.substore_testcase" name="verifySubstoreSubModule" time="0.187"/>
  <testcase classname="testcases.substore_testcase" name="verifyAllSubstoreModulesAreDisplayedInSublist" time="0.100"/>
  <testcase classname="testcases.substore_testcase" name="verifyNavigationBetweenSubmodules" time="0.610"/>
  <testcase classname="testcases.substore_testcase" name="takingScreenshotOfCurrentPage" time="0.004"/>
  <testcase classname="testcases.substore_testcase" name="verifyInventoryRequisitionSection" time="0.003"/>
  <testcase classname="testcases.substore_testcase" name="verifyCreateRequisitionButton" time="0.062"/>
</testsuite> <!-- testcases.substore_testcase -->
